# packages in environment at /usr/local/anaconda3/envs/py37:
#
# Name                    Version                   Build  Channel
_ipyw_jlab_nb_ext_conf    0.1.0                    py37_0  
agate                     1.6.1                    py37_2  
agate-dbf                 0.2.1                      py_0  
agate-excel               0.2.3                      py_0  
agate-sql                 0.5.4                      py_0  
alabaster                 0.7.12                   py37_0  
anaconda-client           1.7.2                    py37_0  
anaconda-navigator        1.9.7                    py37_0  
anaconda-project          0.8.2                    py37_0  
appnope                   0.1.0                    py37_0  
appscript                 1.1.0            py37h1de35cc_0  
arrow                     0.13.1                   py37_0  
arrow-cpp                 0.11.1           py37hc2947fe_0  
asn1crypto                0.24.0                   py37_0  
astroid                   2.2.5                    py37_0  
astropy                   3.1.2            py37h1de35cc_0  
atomicwrites              1.3.0                    py37_1  
attrs                     19.1.0                   py37_1  
babel                     2.6.0                    py37_0  
backcall                  0.1.0                    py37_0  
backports                 1.0                      py37_1  
backports.os              0.1.1                    py37_0  
backports.shutil_get_terminal_size 1.0.0                    py37_2  
basemap                   1.2.0            py37h0acbc05_0  
beautifulsoup4            4.7.1                    py37_1  
bitarray                  0.8.3            py37h1de35cc_0  
bkcharts                  0.2                      py37_0  
blas                      1.0                         mkl  
bleach                    3.1.0                    py37_0  
blosc                     1.15.0               hd9629dc_0  
bokeh                     1.0.4                    py37_0  
boto                      2.49.0                   py37_0  
bottleneck                1.2.1            py37h1d22016_1  
brewer2mpl                1.4.1                    pypi_0    pypi
bzip2                     1.0.6                h1de35cc_5  
ca-certificates           2019.1.23                     0  
cairo                     1.14.12              hc4e6be7_4  
cartopy                   0.16.0           py37h9263bd1_0  
certifi                   2019.3.9                 py37_0  
cffi                      1.12.2           py37hb5b8e2f_1  
chardet                   3.0.4                    py37_1  
click                     7.0                      py37_0  
cloudpickle               0.8.0                    py37_0  
clyent                    1.2.2                    py37_1  
colorama                  0.4.1                    py37_0  
colorlover                0.3.0                    pypi_0    pypi
conda-verify              3.1.1                    py37_0  
contextlib2               0.5.5                    py37_0  
cryptography              2.6.1            py37ha12b0ac_0  
csvkit                    1.0.4                    py37_0  
cufflinks                 0.15                     pypi_0    pypi
curl                      7.64.0               ha441bb4_2  
cycler                    0.10.0                   py37_0  
cython                    0.29.6           py37h0a44026_0  
cytoolz                   0.9.0.1          py37h1de35cc_1  
dash                      0.42.0                   pypi_0    pypi
dash-core-components      0.47.0                   pypi_0    pypi
dash-html-components      0.16.0                   pypi_0    pypi
dash-renderer             0.23.0                   pypi_0    pypi
dash-table                3.6.0                    pypi_0    pypi
dask                      1.1.4                    py37_1  
dask-core                 1.1.4                    py37_1  
dbfread                   2.0.7                    py37_0  
dbus                      1.13.6               h90a0687_0  
decorator                 4.4.0                    py37_1  
defusedxml                0.5.0                    py37_1  
distributed               1.26.0                   py37_1  
docutils                  0.14                     py37_0  
entrypoints               0.3                      py37_0  
et_xmlfile                1.0.1                    py37_0  
expat                     2.2.6                h0a44026_0  
fastcache                 1.0.2            py37h1de35cc_2  
fastparquet               0.3.0            py37h1d22016_0  
filelock                  3.0.10                   py37_0  
findspark                 1.3.0                    pypi_0    pypi
flask                     1.0.2                    py37_1  
flask-compress            1.4.0                    pypi_0    pypi
fontconfig                2.13.0               h5d5b041_1  
freetype                  2.9.1                hb4e5f40_0  
fribidi                   1.0.5                h1de35cc_0  
future                    0.17.1                   py37_0  
geos                      3.6.2                h5470d99_2  
get_terminal_size         1.0.0                h7520d66_0  
gettext                   0.19.8.1             h15daf44_3  
gevent                    1.4.0            py37h1de35cc_0  
gflags                    2.2.2                h0a44026_0  
ggplot                    0.11.5                   pypi_0    pypi
glib                      2.56.2               hd9629dc_0  
glob2                     0.6                      py37_1  
glog                      0.3.5                h0a44026_1  
gmp                       6.1.2                hb37e062_1  
gmpy2                     2.0.8            py37h6ef4df4_2  
graphite2                 1.3.13               h2098e52_0  
graphviz                  2.40.1               hefbbd9a_2  
greenlet                  0.4.15           py37h1de35cc_0  
h5py                      2.9.0            py37h3134771_0  
harfbuzz                  1.8.8                hb8d4a28_0  
hdf5                      1.10.4               hfa1e0ec_0  
heapdict                  1.0.0                    py37_2  
html5lib                  1.0.1                    py37_0  
icu                       58.2                 h4b95b61_1  
idna                      2.8                      py37_0  
imageio                   2.5.0                    py37_0  
imagesize                 1.1.0                    py37_0  
importlib_metadata        0.8                      py37_0  
intel-openmp              2019.3                      199  
ipydeps                   0.8.2                    pypi_0    pypi
ipykernel                 5.1.0            py37h39e3cac_0  
ipython                   7.4.0            py37h39e3cac_0  
ipython_genutils          0.2.0                    py37_0  
ipywidgets                7.4.2                    py37_0  
isodate                   0.6.0                    py37_0  
isort                     4.3.16                   py37_0  
itsdangerous              1.1.0                    py37_0  
jbig                      2.1                  h4d881f8_0  
jdcal                     1.4                      py37_0  
jedi                      0.13.3                   py37_0  
jinja2                    2.10                     py37_0  
jpeg                      9b                   he5867d9_2  
jsonschema                3.0.1                    py37_0  
jupyter                   1.0.0                    py37_7  
jupyter-qtconsole-colorschemes 0.8.1                    pypi_0    pypi
jupyter_client            5.2.4                    py37_0  
jupyter_console           6.0.0                    py37_0  
jupyter_core              4.4.0                    py37_0  
jupyterlab                0.35.4           py37hf63ae98_0  
jupyterlab_server         0.2.0                    py37_0  
keyring                   18.0.0                   py37_0  
kiwisolver                1.0.1            py37h0a44026_0  
krb5                      1.16.1               hddcf347_7  
lazy-object-proxy         1.3.1            py37h1de35cc_2  
leather                   0.3.3                    py37_0  
libboost                  1.67.0               hebc422b_4  
libcurl                   7.64.0               h051b688_2  
libcxx                    4.0.1                hcfea43d_1  
libcxxabi                 4.0.1                hcfea43d_1  
libedit                   3.1.20181209         hb402a30_0  
libevent                  2.1.8                ha12b0ac_0  
libffi                    3.2.1                h475c297_4  
libgfortran               3.0.1                h93005f0_2  
libiconv                  1.15                 hdd342a3_7  
liblief                   0.9.0                h2a1bed3_2  
libpng                    1.6.36               ha441bb4_0  
libsodium                 1.0.16               h3efe00b_0  
libssh2                   1.8.0                ha12b0ac_4  
libtiff                   4.0.9                hcb84e12_2  
libxml2                   2.9.9                hab757c2_0  
libxslt                   1.1.33               h33a18ac_0  
llvmlite                  0.28.0           py37h8c7ce04_0  
locket                    0.2.0                    py37_1  
lxml                      4.3.2            py37hef8c89e_0  
lz4-c                     1.8.1.2              h1de35cc_0  
lzo                       2.10                 h362108e_2  
markupsafe                1.1.1            py37h1de35cc_0  
matplotlib                3.0.3            py37h54f8f79_0  
matplotlib-subsets        1.0                      pypi_0    pypi
matplotlib-venn           0.11.5                   pypi_0    pypi
mccabe                    0.6.1                    py37_1  
mistune                   0.8.4            py37h1de35cc_0  
mkl                       2019.3                      199  
mkl-service               1.1.2            py37hfbe908c_5  
mkl_fft                   1.0.10           py37h5e564d8_0  
mkl_random                1.0.2            py37h27c97d8_0  
more-itertools            6.0.0                    py37_0  
mpc                       1.1.0                h6ef4df4_1  
mpfr                      4.0.1                h3018a27_3  
mpmath                    1.1.0                    py37_0  
msgpack-python            0.6.1            py37h04f5b5a_1  
multipledispatch          0.6.0                    py37_0  
navigator-updater         0.2.1                    py37_0  
nbconvert                 5.4.1                    py37_3  
nbformat                  4.4.0                    py37_0  
nbpresent                 3.0.2                    py37_1  
ncurses                   6.1                  h0a44026_1  
networkx                  2.2                      py37_1  
networkx-viewer           0.2.0                    pypi_0    pypi
nltk                      3.4                      py37_1  
nose                      1.3.7                    py37_2  
notebook                  5.7.8                    py37_0  
numba                     0.43.1           py37h6440ff4_0  
numexpr                   2.6.9            py37h7413580_0  
numpy                     1.16.2           py37hacdab7b_0  
numpy-base                1.16.2           py37h6575580_0  
numpydoc                  0.8.0                    py37_0  
olefile                   0.46                     py37_0  
openpyxl                  2.6.1                    py37_1  
openssl                   1.1.1b               h1de35cc_1  
owslib                    0.17.1                     py_0  
packaging                 19.0                     py37_0  
pandas                    0.24.2           py37h0a44026_0  
pandas-profiling          1.4.1                    py37_0  
pandoc                    2.2.3.2                       0  
pandocfilters             1.4.2                    py37_1  
pango                     1.42.4               h060686c_0  
parsedatetime             2.4                      py37_0  
parso                     0.3.4                    py37_0  
partd                     0.3.10                   py37_1  
path.py                   11.5.0                   py37_0  
pathlib2                  2.3.3                    py37_0  
patsy                     0.5.1                    py37_0  
pcre                      8.43                 h0a44026_0  
pep8                      1.7.1                    py37_0  
pexpect                   4.6.0                    py37_0  
pickleshare               0.7.5                    py37_0  
pillow                    5.4.1            py37hb68e598_0  
pip                       19.0.3                   py37_0  
pixman                    0.38.0               h1de35cc_0  
pkginfo                   1.5.0.1                  py37_0  
plotly                    3.8.1                      py_0  
pluggy                    0.9.0                    py37_0  
ply                       3.11                     py37_0  
prettyplotlib             0.1.7                    pypi_0    pypi
proj4                     5.0.1                h1de35cc_0  
prometheus_client         0.6.0                    py37_0  
prompt_toolkit            2.0.9                    py37_0  
psutil                    5.6.1            py37h1de35cc_0  
ptyprocess                0.6.0                    py37_0  
py                        1.8.0                    py37_0  
py-lief                   0.9.0            py37h1413db1_2  
py4j                      0.10.8.1                 py37_0  
pyarrow                   0.11.1           py37h0a44026_0  
pycodestyle               2.5.0                    py37_0  
pycosat                   0.6.3            py37h1de35cc_0  
pycparser                 2.19                     py37_0  
pycrypto                  2.6.1            py37h1de35cc_9  
pycurl                    7.43.0.2         py37ha12b0ac_0  
pyepsg                    0.4.0                    py37_0  
pyflakes                  2.1.1                    py37_0  
pygments                  2.3.1                    py37_0  
pylint                    2.3.1                    py37_0  
pyodbc                    4.0.26           py37h0a44026_0  
pyopenssl                 19.0.0                   py37_0  
pyparsing                 2.3.1                    py37_0  
pypki2                    0.10.3                   pypi_0    pypi
pyproj                    1.9.5.1          py37h833a5d7_1  
pyqt                      5.9.2            py37h655552a_2  
pyqtgraph                 0.10.0           py37h28b3542_3  
pyrsistent                0.14.11          py37h1de35cc_0  
pyshp                     2.1.0                      py_0  
pysocks                   1.6.8                    py37_0  
pytables                  3.5.1            py37h5bccee9_0  
pytest                    4.3.1                    py37_0  
pytest-arraydiff          0.3              py37h39e3cac_0  
pytest-astropy            0.5.0                    py37_0  
pytest-doctestplus        0.3.0                    py37_0  
pytest-openfiles          0.3.2                    py37_0  
pytest-remotedata         0.3.1                    py37_0  
python                    3.7.3                h359304d_0  
python-dateutil           2.8.0                    py37_0  
python-slugify            3.0.2                      py_0  
python.app                2                        py37_9  
pytimeparse               1.1.8                    py37_0  
pytz                      2018.9                   py37_0  
pywavelets                1.0.2            py37h1d22016_0  
pyyaml                    5.1              py37h1de35cc_0  
pyzmq                     18.0.0           py37h0a44026_0  
qt                        5.9.7                h468cd18_1  
qtawesome                 0.5.7                    py37_1  
qtconsole                 4.4.3                    py37_0  
qtpy                      1.7.0                    py37_1  
readline                  7.0                  h1de35cc_5  
requests                  2.21.0                   py37_0  
retrying                  1.3.3                    py37_2  
rope                      0.12.0                   py37_0  
ruamel_yaml               0.15.46          py37h1de35cc_0  
runipy                    0.1.5                    py37_1  
scikit-image              0.14.2           py37h0a44026_0  
scikit-learn              0.20.3           py37h27c97d8_0  
scipy                     1.2.1            py37h1410ff5_0  
seaborn                   0.9.0                    py37_0  
send2trash                1.5.0                    py37_0  
setuptools                40.8.0                   py37_0  
shapely                   1.6.4            py37h20de77a_0  
simplegeneric             0.8.1                    py37_2  
singledispatch            3.4.0.3                  py37_0  
sip                       4.19.8           py37h0a44026_0  
six                       1.12.0                   py37_0  
sklearn-pandas            1.8.0                    pypi_0    pypi
snappy                    1.1.7                he62c110_3  
snowballstemmer           1.2.1                    py37_0  
sortedcollections         1.1.2                    py37_0  
sortedcontainers          2.1.0                    py37_0  
soupsieve                 1.8                      py37_0  
sphinx                    1.8.5                    py37_0  
sphinxcontrib             1.0                      py37_1  
sphinxcontrib-websupport  1.1.0                    py37_1  
spyder                    3.3.3                    py37_0  
spyder-kernels            0.4.2                    py37_0  
sqlalchemy                1.3.1            py37h1de35cc_0  
sqlite                    3.27.2               ha441bb4_0  
statsmodels               0.9.0            py37h1d22016_0  
sympy                     1.3                      py37_0  
tblib                     1.3.2                    py37_0  
terminado                 0.8.1                    py37_1  
testpath                  0.4.2                    py37_0  
thrift                    0.11.0           py37h0a44026_0  
thrift-cpp                0.11.0               hd79cdb6_3  
tk                        8.6.8                ha441bb4_0  
toolz                     0.9.0                    py37_0  
tornado                   6.0.2            py37h1de35cc_0  
tqdm                      4.31.1                   py37_1  
traitlets                 4.3.2                    py37_0  
unicodecsv                0.14.1                   py37_0  
unidecode                 1.0.23                   py37_0  
unixodbc                  2.3.7                h1de35cc_0  
urllib3                   1.24.1                   py37_0  
wcwidth                   0.1.7                    py37_0  
webencodings              0.5.1                    py37_1  
werkzeug                  0.14.1                   py37_0  
wheel                     0.33.1                   py37_0  
widgetsnbextension        3.4.2                    py37_0  
wrapt                     1.11.1           py37h1de35cc_0  
wurlitzer                 1.0.2                    py37_0  
xlrd                      1.2.0                    py37_0  
xlsxwriter                1.1.5                    py37_0  
xlwings                   0.15.4                   py37_0  
xlwt                      1.3.0                    py37_0  
xz                        5.2.4                h1de35cc_4  
yaml                      0.1.7                hc338f04_2  
zeromq                    4.3.1                h0a44026_3  
zict                      0.1.4                    py37_0  
zipp                      0.3.3                    py37_1  
zlib                      1.2.11               h1de35cc_3  
zstd                      1.3.3                h2a6be3a_0  
